Flow report for uart_sdram_vga
Thu Apr 30 01:00:05 2026
Quartus II 64-Bit Version 13.1.0 Build 162 10/23/2013 SJ Full Version


---------------------
; Table of Contents ;
---------------------
  1. Legal Notice
  2. Flow Summary
  3. Flow Settings
  4. Flow Non-Default Global Settings
  5. Flow Elapsed Time
  6. Flow OS Summary
  7. Flow Log
  8. Flow Messages
  9. Flow Suppressed Messages



----------------
; Legal Notice ;
----------------
Copyright (C) 1991-2013 Altera Corporation
Your use of Altera Corporation's design tools, logic functions 
and other software and tools, and its AMPP partner logic 
functions, and any output files from any of the foregoing 
(including device programming or simulation files), and any 
associated documentation or information are expressly subject 
to the terms and conditions of the Altera Program License 
Subscription Agreement, Altera MegaCore Function License 
Agreement, or other applicable license agreement, including, 
without limitation, that your use is for the sole purpose of 
programming logic devices manufactured by Altera and sold by 
Altera or its authorized distributors.  Please refer to the 
applicable agreement for further details.



+-------------------------------------------------------------------------------+
; Flow Summary                                                                  ;
+---------------------------------+---------------------------------------------+
; Flow Status                     ; Successful - Thu Apr 30 01:00:05 2026       ;
; Quartus II 64-Bit Version       ; 13.1.0 Build 162 10/23/2013 SJ Full Version ;
; Revision Name                   ; uart_sdram_vga                              ;
; Top-level Entity Name           ; uart_sdram_vga                              ;
; Family                          ; Cyclone V                                   ;
; Device                          ; 5CSEMA5F31C6                                ;
; Timing Models                   ; Preliminary                                 ;
; Logic utilization (in ALMs)     ; 996 / 32,070 ( 3 % )                        ;
; Total registers                 ; 727                                         ;
; Total pins                      ; 113 / 457 ( 25 % )                          ;
; Total virtual pins              ; 0                                           ;
; Total block memory bits         ; 1,052,672 / 4,065,280 ( 26 % )              ;
; Total DSP Blocks                ; 0 / 87 ( 0 % )                              ;
; Total HSSI RX PCSs              ; 0                                           ;
; Total HSSI PMA RX Deserializers ; 0                                           ;
; Total HSSI TX PCSs              ; 0                                           ;
; Total HSSI TX Channels          ; 0                                           ;
; Total PLLs                      ; 2 / 6 ( 33 % )                              ;
; Total DLLs                      ; 0 / 4 ( 0 % )                               ;
+---------------------------------+---------------------------------------------+


+-----------------------------------------+
; Flow Settings                           ;
+-------------------+---------------------+
; Option            ; Setting             ;
+-------------------+---------------------+
; Start date & time ; 04/30/2026 00:59:12 ;
; Main task         ; Compilation         ;
; Revision Name     ; uart_sdram_vga      ;
+-------------------+---------------------+


+------------------------------------------------------------------------------------------------------------------------------------+
; Flow Non-Default Global Settings                                                                                                   ;
+--------------------------------------+-------------------------------------+---------------+-------------------+-------------------+
; Assignment Name                      ; Value                               ; Default Value ; Entity Name       ; Section Id        ;
+--------------------------------------+-------------------------------------+---------------+-------------------+-------------------+
; COMPILER_SIGNATURE_ID                ; 167939678274803.177748195228012     ; --            ; --                ; --                ;
; EDA_DESIGN_INSTANCE_NAME             ; NA                                  ; --            ; --                ; uart_rx_tb        ;
; EDA_DESIGN_INSTANCE_NAME             ; NA                                  ; --            ; --                ; uart_sdram_vga_tb ;
; EDA_NATIVELINK_SIMULATION_TEST_BENCH ; uart_sdram_vga_tb                   ; --            ; --                ; eda_simulation    ;
; EDA_OUTPUT_DATA_FORMAT               ; Verilog Hdl                         ; --            ; --                ; eda_simulation    ;
; EDA_SIMULATION_TOOL                  ; ModelSim (Verilog)                  ; <None>        ; --                ; --                ;
; EDA_TEST_BENCH_ENABLE_STATUS         ; TEST_BENCH_MODE                     ; --            ; --                ; eda_simulation    ;
; EDA_TEST_BENCH_FILE                  ; src/uart_rx_tb.v                    ; --            ; --                ; uart_rx_tb        ;
; EDA_TEST_BENCH_FILE                  ; src/uart_sdram_vga_tb.v             ; --            ; --                ; uart_sdram_vga_tb ;
; EDA_TEST_BENCH_MODULE_NAME           ; uart_rx_tb                          ; --            ; --                ; uart_rx_tb        ;
; EDA_TEST_BENCH_MODULE_NAME           ; uart_sdram_vga_tb                   ; --            ; --                ; uart_sdram_vga_tb ;
; EDA_TEST_BENCH_NAME                  ; uart_rx_tb                          ; --            ; --                ; eda_simulation    ;
; EDA_TEST_BENCH_NAME                  ; uart_sdram_vga_tb                   ; --            ; --                ; eda_simulation    ;
; EDA_TIME_SCALE                       ; 1 ps                                ; --            ; --                ; eda_simulation    ;
; IP_TOOL_ENV                          ; mwpim                               ; --            ; PLL_108           ; --                ;
; IP_TOOL_ENV                          ; mwpim                               ; --            ; PLL_108           ; --                ;
; IP_TOOL_ENV                          ; mwpim                               ; --            ; PLL_108_0002      ; --                ;
; IP_TOOL_ENV                          ; mwpim                               ; --            ; PLL_25_36_75      ; --                ;
; IP_TOOL_ENV                          ; mwpim                               ; --            ; PLL_25_36_75      ; --                ;
; IP_TOOL_ENV                          ; mwpim                               ; --            ; PLL_25_36_75_0002 ; --                ;
; IP_TOOL_ENV                          ; mwpim                               ; --            ; PLL_40_56         ; --                ;
; IP_TOOL_ENV                          ; mwpim                               ; --            ; PLL_40_56         ; --                ;
; IP_TOOL_ENV                          ; mwpim                               ; --            ; PLL_40_56_0002    ; --                ;
; IP_TOOL_ENV                          ; mwpim                               ; --            ; PLL_49            ; --                ;
; IP_TOOL_ENV                          ; mwpim                               ; --            ; PLL_49            ; --                ;
; IP_TOOL_ENV                          ; mwpim                               ; --            ; PLL_49_0002       ; --                ;
; IP_TOOL_ENV                          ; mwpim                               ; --            ; PLL_65_95         ; --                ;
; IP_TOOL_ENV                          ; mwpim                               ; --            ; PLL_65_95         ; --                ;
; IP_TOOL_ENV                          ; mwpim                               ; --            ; PLL_65_95_0002    ; --                ;
; IP_TOOL_ENV                          ; mwpim                               ; --            ; sdram_100m        ; --                ;
; IP_TOOL_ENV                          ; mwpim                               ; --            ; sdram_100m        ; --                ;
; IP_TOOL_ENV                          ; mwpim                               ; --            ; sdram_100m_0002   ; --                ;
; IP_TOOL_NAME                         ; FIFO                                ; --            ; --                ; --                ;
; IP_TOOL_NAME                         ; FIFO                                ; --            ; --                ; --                ;
; IP_TOOL_NAME                         ; altera_pll                          ; --            ; PLL_108           ; --                ;
; IP_TOOL_NAME                         ; altera_pll                          ; --            ; PLL_108           ; --                ;
; IP_TOOL_NAME                         ; altera_pll                          ; --            ; PLL_108_0002      ; --                ;
; IP_TOOL_NAME                         ; altera_pll                          ; --            ; PLL_25_36_75      ; --                ;
; IP_TOOL_NAME                         ; altera_pll                          ; --            ; PLL_25_36_75      ; --                ;
; IP_TOOL_NAME                         ; altera_pll                          ; --            ; PLL_25_36_75_0002 ; --                ;
; IP_TOOL_NAME                         ; altera_pll                          ; --            ; PLL_40_56         ; --                ;
; IP_TOOL_NAME                         ; altera_pll                          ; --            ; PLL_40_56         ; --                ;
; IP_TOOL_NAME                         ; altera_pll                          ; --            ; PLL_40_56_0002    ; --                ;
; IP_TOOL_NAME                         ; altera_pll                          ; --            ; PLL_49            ; --                ;
; IP_TOOL_NAME                         ; altera_pll                          ; --            ; PLL_49            ; --                ;
; IP_TOOL_NAME                         ; altera_pll                          ; --            ; PLL_49_0002       ; --                ;
; IP_TOOL_NAME                         ; altera_pll                          ; --            ; PLL_65_95         ; --                ;
; IP_TOOL_NAME                         ; altera_pll                          ; --            ; PLL_65_95         ; --                ;
; IP_TOOL_NAME                         ; altera_pll                          ; --            ; PLL_65_95_0002    ; --                ;
; IP_TOOL_NAME                         ; altera_pll                          ; --            ; sdram_100m        ; --                ;
; IP_TOOL_NAME                         ; altera_pll                          ; --            ; sdram_100m        ; --                ;
; IP_TOOL_NAME                         ; altera_pll                          ; --            ; sdram_100m_0002   ; --                ;
; IP_TOOL_VERSION                      ; 13.1                                ; --            ; --                ; --                ;
; IP_TOOL_VERSION                      ; 13.1                                ; --            ; --                ; --                ;
; IP_TOOL_VERSION                      ; 13.1                                ; --            ; PLL_108           ; --                ;
; IP_TOOL_VERSION                      ; 13.1                                ; --            ; PLL_108           ; --                ;
; IP_TOOL_VERSION                      ; 13.1                                ; --            ; PLL_108_0002      ; --                ;
; IP_TOOL_VERSION                      ; 13.1                                ; --            ; PLL_25_36_75      ; --                ;
; IP_TOOL_VERSION                      ; 13.1                                ; --            ; PLL_25_36_75      ; --                ;
; IP_TOOL_VERSION                      ; 13.1                                ; --            ; PLL_25_36_75_0002 ; --                ;
; IP_TOOL_VERSION                      ; 13.1                                ; --            ; PLL_40_56         ; --                ;
; IP_TOOL_VERSION                      ; 13.1                                ; --            ; PLL_40_56         ; --                ;
; IP_TOOL_VERSION                      ; 13.1                                ; --            ; PLL_40_56_0002    ; --                ;
; IP_TOOL_VERSION                      ; 13.1                                ; --            ; PLL_49            ; --                ;
; IP_TOOL_VERSION                      ; 13.1                                ; --            ; PLL_49            ; --                ;
; IP_TOOL_VERSION                      ; 13.1                                ; --            ; PLL_49_0002       ; --                ;
; IP_TOOL_VERSION                      ; 13.1                                ; --            ; PLL_65_95         ; --                ;
; IP_TOOL_VERSION                      ; 13.1                                ; --            ; PLL_65_95         ; --                ;
; IP_TOOL_VERSION                      ; 13.1                                ; --            ; PLL_65_95_0002    ; --                ;
; IP_TOOL_VERSION                      ; 13.1                                ; --            ; sdram_100m        ; --                ;
; IP_TOOL_VERSION                      ; 13.1                                ; --            ; sdram_100m        ; --                ;
; IP_TOOL_VERSION                      ; 13.1                                ; --            ; sdram_100m_0002   ; --                ;
; MAX_CORE_JUNCTION_TEMP               ; 85                                  ; --            ; --                ; --                ;
; MIN_CORE_JUNCTION_TEMP               ; 0                                   ; --            ; --                ; --                ;
; MISC_FILE                            ; ip/PLL_108_sim/PLL_108.vo           ; --            ; --                ; --                ;
; MISC_FILE                            ; ip/PLL_108.cmp                      ; --            ; --                ; --                ;
; MISC_FILE                            ; ip/PLL_65_95_sim/PLL_65_95.vo       ; --            ; --                ; --                ;
; MISC_FILE                            ; ip/PLL_65_95.cmp                    ; --            ; --                ; --                ;
; MISC_FILE                            ; ip/PLL_49_sim/PLL_49.vo             ; --            ; --                ; --                ;
; MISC_FILE                            ; ip/PLL_49.cmp                       ; --            ; --                ; --                ;
; MISC_FILE                            ; ip/PLL_40_56_sim/PLL_40_56.vo       ; --            ; --                ; --                ;
; MISC_FILE                            ; ip/PLL_40_56.cmp                    ; --            ; --                ; --                ;
; MISC_FILE                            ; ip/PLL_25_36_75_sim/PLL_25_36_75.vo ; --            ; --                ; --                ;
; MISC_FILE                            ; ip/PLL_25_36_75.cmp                 ; --            ; --                ; --                ;
; MISC_FILE                            ; ip/wr_fifo_bb.v                     ; --            ; --                ; --                ;
; MISC_FILE                            ; ip/rd_fifo_bb.v                     ; --            ; --                ; --                ;
; MISC_FILE                            ; ip/sdram_100m.cmp                   ; --            ; --                ; --                ;
; MISC_FILE                            ; ip/sdram_100m_sim/sdram_100m.vo     ; --            ; --                ; --                ;
; PARTITION_COLOR                      ; 16764057                            ; --            ; --                ; Top               ;
; PARTITION_FITTER_PRESERVATION_LEVEL  ; PLACEMENT_AND_ROUTING               ; --            ; --                ; Top               ;
; PARTITION_NETLIST_TYPE               ; SOURCE                              ; --            ; --                ; Top               ;
; PROJECT_OUTPUT_DIRECTORY             ; output_files                        ; --            ; --                ; --                ;
; SPD_FILE                             ; ip/PLL_108.spd                      ; --            ; --                ; --                ;
; SPD_FILE                             ; ip/PLL_65_95.spd                    ; --            ; --                ; --                ;
; SPD_FILE                             ; ip/PLL_49.spd                       ; --            ; --                ; --                ;
; SPD_FILE                             ; ip/PLL_40_56.spd                    ; --            ; --                ; --                ;
; SPD_FILE                             ; ip/PLL_25_36_75.spd                 ; --            ; --                ; --                ;
; SPD_FILE                             ; ip/sdram_100m.spd                   ; --            ; --                ; --                ;
; SYNTHESIS_ONLY_QIP                   ; On                                  ; --            ; --                ; --                ;
; SYNTHESIS_ONLY_QIP                   ; On                                  ; --            ; --                ; --                ;
; SYNTHESIS_ONLY_QIP                   ; On                                  ; --            ; --                ; --                ;
; SYNTHESIS_ONLY_QIP                   ; On                                  ; --            ; --                ; --                ;
; SYNTHESIS_ONLY_QIP                   ; On                                  ; --            ; --                ; --                ;
; SYNTHESIS_ONLY_QIP                   ; On                                  ; --            ; --                ; --                ;
+--------------------------------------+-------------------------------------+---------------+-------------------+-------------------+


+-------------------------------------------------------------------------------------------------------------------------------+
; Flow Elapsed Time                                                                                                             ;
+---------------------------+--------------+-------------------------+---------------------+------------------------------------+
; Module Name               ; Elapsed Time ; Average Processors Used ; Peak Virtual Memory ; Total CPU Time (on all processors) ;
+---------------------------+--------------+-------------------------+---------------------+------------------------------------+
; Analysis & Synthesis      ; 00:00:03     ; 1.0                     ; 4822 MB             ; 00:00:03                           ;
; Fitter                    ; 00:00:30     ; 4.0                     ; 6947 MB             ; 00:01:14                           ;
; Assembler                 ; 00:00:07     ; 1.0                     ; 4805 MB             ; 00:00:06                           ;
; TimeQuest Timing Analyzer ; 00:00:07     ; 3.1                     ; 5262 MB             ; 00:00:17                           ;
; EDA Netlist Writer        ; 00:00:02     ; 1.0                     ; 4795 MB             ; 00:00:01                           ;
; Total                     ; 00:00:49     ; --                      ; --                  ; 00:01:41                           ;
+---------------------------+--------------+-------------------------+---------------------+------------------------------------+


+----------------------------------------------------------------------------------------+
; Flow OS Summary                                                                        ;
+---------------------------+------------------+-----------+------------+----------------+
; Module Name               ; Machine Hostname ; OS Name   ; OS Version ; Processor type ;
+---------------------------+------------------+-----------+------------+----------------+
; Analysis & Synthesis      ; DESKTOPnnnaaawww ; Windows 7 ; 6.2        ; x86_64         ;
; Fitter                    ; DESKTOPnnnaaawww ; Windows 7 ; 6.2        ; x86_64         ;
; Assembler                 ; DESKTOPnnnaaawww ; Windows 7 ; 6.2        ; x86_64         ;
; TimeQuest Timing Analyzer ; DESKTOPnnnaaawww ; Windows 7 ; 6.2        ; x86_64         ;
; EDA Netlist Writer        ; DESKTOPnnnaaawww ; Windows 7 ; 6.2        ; x86_64         ;
+---------------------------+------------------+-----------+------------+----------------+


------------
; Flow Log ;
------------
quartus_map --read_settings_files=on --write_settings_files=off uart_sdram_vga -c uart_sdram_vga
quartus_fit --read_settings_files=off --write_settings_files=off uart_sdram_vga -c uart_sdram_vga
quartus_asm --read_settings_files=off --write_settings_files=off uart_sdram_vga -c uart_sdram_vga
quartus_sta uart_sdram_vga -c uart_sdram_vga
quartus_eda --read_settings_files=off --write_settings_files=off uart_sdram_vga -c uart_sdram_vga



